Job started : Fri Jun 19 17:38:10 CEST 2026
Node        : gcn33
GPU         : NVIDIA A100-SXM4-40GB
Data dir    :  /home/hmo/BioRT/Rheology-informed-optimization/data_procedure/data/dev_images/dev_annot_train
Model dir   : /scratch-shared/hmo/models/cellpose/run_01
────────────────────────────────────────────────────
2026-06-19 17:38:18,018 [INFO] WRITING LOG OUTPUT TO /home/hmo/.cellpose/run.log
2026-06-19 17:38:18,020 [INFO] 
cellpose version: 	4.1.1 
platform:       	linux 
python version: 	3.11.3 
torch version:  	2.5.1+cu124

[1/2] Loading training data from:  /home/hmo/BioRT/Rheology-informed-optimization/data_procedure/data/dev_images/dev_annot_train
[ERROR] No (tif, mask) pairs found.
  data_dir : /gpfs/home1/hmo/BioRT/Rheology-informed-optimization/data_procedure/ /home/hmo/BioRT/Rheology-informed-optimization/data_procedure/data/dev_images/dev_annot_train
  .tif files found    : 0  []
  *-mask.png found    : 0  []
  → data_dir must contain BOTH *.tif and *-mask.png in the same folder.
────────────────────────────────────────────────────
Job finished: Fri Jun 19 17:38:18 CEST 2026
